<?xml version="1.0" encoding="UTF-8" standalone="no"?>
<!DOCTYPE log SYSTEM "logger.dtd">
<log>
</log>
<?xml version="1.0" encoding="UTF-8" standalone="no"?>
<!DOCTYPE log SYSTEM "logger.dtd">
<log>
</log>
<?xml version="1.0" encoding="UTF-8" standalone="no"?>
<!DOCTYPE log SYSTEM "logger.dtd">
<log>
</log>
<?xml version="1.0" encoding="UTF-8" standalone="no"?>
<!DOCTYPE log SYSTEM "logger.dtd">
<log>
</log>
<?xml version="1.0" encoding="UTF-8" standalone="no"?>
<!DOCTYPE log SYSTEM "logger.dtd">
<log>
</log>
<?xml version="1.0" encoding="UTF-8" standalone="no"?>
<!DOCTYPE log SYSTEM "logger.dtd">
<log>
</log>
<?xml version="1.0" encoding="UTF-8" standalone="no"?>
<!DOCTYPE log SYSTEM "logger.dtd">
<log>
</log>
<?xml version="1.0" encoding="UTF-8" standalone="no"?>
<!DOCTYPE log SYSTEM "logger.dtd">
<log>
</log>
<?xml version="1.0" encoding="UTF-8" standalone="no"?>
<!DOCTYPE log SYSTEM "logger.dtd">
<log>
</log>
<?xml version="1.0" encoding="UTF-8" standalone="no"?>
<!DOCTYPE log SYSTEM "logger.dtd">
<log>
</log>
<?xml version="1.0" encoding="UTF-8" standalone="no"?>
<!DOCTYPE log SYSTEM "logger.dtd">
<log>
</log>
<?xml version="1.0" encoding="UTF-8" standalone="no"?>
<!DOCTYPE log SYSTEM "logger.dtd">
<log>
</log>
<?xml version="1.0" encoding="UTF-8" standalone="no"?>
<!DOCTYPE log SYSTEM "logger.dtd">
<log>
</log>
<?xml version="1.0" encoding="UTF-8" standalone="no"?>
<!DOCTYPE log SYSTEM "logger.dtd">
<log>
</log>
<?xml version="1.0" encoding="UTF-8" standalone="no"?>
<!DOCTYPE log SYSTEM "logger.dtd">
<log>
</log>
<?xml version="1.0" encoding="UTF-8" standalone="no"?>
<!DOCTYPE log SYSTEM "logger.dtd">
<log>
</log>
<?xml version="1.0" encoding="UTF-8" standalone="no"?>
<!DOCTYPE log SYSTEM "logger.dtd">
<log>
</log>
<?xml version="1.0" encoding="UTF-8" standalone="no"?>
<!DOCTYPE log SYSTEM "logger.dtd">
<log>
</log>
<?xml version="1.0" encoding="UTF-8" standalone="no"?>
<!DOCTYPE log SYSTEM "logger.dtd">
<log>
</log>
<?xml version="1.0" encoding="UTF-8" standalone="no"?>
<!DOCTYPE log SYSTEM "logger.dtd">
<log>
</log>
<?xml version="1.0" encoding="UTF-8" standalone="no"?>
<!DOCTYPE log SYSTEM "logger.dtd">
<log>
</log>
<?xml version="1.0" encoding="UTF-8" standalone="no"?>
<!DOCTYPE log SYSTEM "logger.dtd">
<log>
</log>
<?xml version="1.0" encoding="UTF-8" standalone="no"?>
<!DOCTYPE log SYSTEM "logger.dtd">
<log>
</log>
<?xml version="1.0" encoding="UTF-8" standalone="no"?>
<!DOCTYPE log SYSTEM "logger.dtd">
<log>
</log>
<?xml version="1.0" encoding="UTF-8" standalone="no"?>
<!DOCTYPE log SYSTEM "logger.dtd">
<log>
</log>
<?xml version="1.0" encoding="UTF-8" standalone="no"?>
<!DOCTYPE log SYSTEM "logger.dtd">
<log>
</log>
<?xml version="1.0" encoding="UTF-8" standalone="no"?>
<!DOCTYPE log SYSTEM "logger.dtd">
<log>
</log>
<?xml version="1.0" encoding="UTF-8" standalone="no"?>
<!DOCTYPE log SYSTEM "logger.dtd">
<log>
</log>
<?xml version="1.0" encoding="UTF-8" standalone="no"?>
<!DOCTYPE log SYSTEM "logger.dtd">
<log>
</log>
<?xml version="1.0" encoding="UTF-8" standalone="no"?>
<!DOCTYPE log SYSTEM "logger.dtd">
<log>
</log>
<?xml version="1.0" encoding="UTF-8" standalone="no"?>
<!DOCTYPE log SYSTEM "logger.dtd">
<log>
</log>
<?xml version="1.0" encoding="UTF-8" standalone="no"?>
<!DOCTYPE log SYSTEM "logger.dtd">
<log>
</log>
<?xml version="1.0" encoding="UTF-8" standalone="no"?>
<!DOCTYPE log SYSTEM "logger.dtd">
<log>
</log>
<?xml version="1.0" encoding="UTF-8" standalone="no"?>
<!DOCTYPE log SYSTEM "logger.dtd">
<log>
</log>
<?xml version="1.0" encoding="UTF-8" standalone="no"?>
<!DOCTYPE log SYSTEM "logger.dtd">
<log>
</log>
<?xml version="1.0" encoding="UTF-8" standalone="no"?>
<!DOCTYPE log SYSTEM "logger.dtd">
<log>
</log>
<?xml version="1.0" encoding="UTF-8" standalone="no"?>
<!DOCTYPE log SYSTEM "logger.dtd">
<log>
</log>
<?xml version="1.0" encoding="UTF-8" standalone="no"?>
<!DOCTYPE log SYSTEM "logger.dtd">
<log>
<record>
  <date>2014-04-15T18:07:10</date>
  <millis>1397578030624</millis>
  <sequence>0</sequence>
  <logger>game.Main</logger>
  <level>SEVERE</level>
  <class>game.User</class>
  <method>save</method>
  <thread>1</thread>
  <message>com.mysql.jdbc.exceptions.jdbc4.MySQLIntegrityConstraintViolationException: Duplicate entry 'nowy' for key 'username'</message>
  <exception>
    <message>com.mysql.jdbc.exceptions.jdbc4.MySQLIntegrityConstraintViolationException: Duplicate entry 'nowy' for key 'username'</message>
    <frame>
      <class>sun.reflect.NativeConstructorAccessorImpl</class>
      <method>newInstance0</method>
    </frame>
    <frame>
      <class>sun.reflect.NativeConstructorAccessorImpl</class>
      <method>newInstance</method>
      <line>57</line>
    </frame>
    <frame>
      <class>sun.reflect.DelegatingConstructorAccessorImpl</class>
      <method>newInstance</method>
      <line>45</line>
    </frame>
    <frame>
      <class>java.lang.reflect.Constructor</class>
      <method>newInstance</method>
      <line>526</line>
    </frame>
    <frame>
      <class>com.mysql.jdbc.Util</class>
      <method>handleNewInstance</method>
      <line>411</line>
    </frame>
    <frame>
      <class>com.mysql.jdbc.Util</class>
      <method>getInstance</method>
      <line>386</line>
    </frame>
    <frame>
      <class>com.mysql.jdbc.SQLError</class>
      <method>createSQLException</method>
      <line>1040</line>
    </frame>
    <frame>
      <class>com.mysql.jdbc.MysqlIO</class>
      <method>checkErrorPacket</method>
      <line>4120</line>
    </frame>
    <frame>
      <class>com.mysql.jdbc.MysqlIO</class>
      <method>checkErrorPacket</method>
      <line>4052</line>
    </frame>
    <frame>
      <class>com.mysql.jdbc.MysqlIO</class>
      <method>sendCommand</method>
      <line>2503</line>
    </frame>
    <frame>
      <class>com.mysql.jdbc.MysqlIO</class>
      <method>sqlQueryDirect</method>
      <line>2664</line>
    </frame>
    <frame>
      <class>com.mysql.jdbc.ConnectionImpl</class>
      <method>execSQL</method>
      <line>2788</line>
    </frame>
    <frame>
      <class>com.mysql.jdbc.StatementImpl</class>
      <method>executeUpdate</method>
      <line>1816</line>
    </frame>
    <frame>
      <class>com.mysql.jdbc.StatementImpl</class>
      <method>executeUpdate</method>
      <line>1730</line>
    </frame>
    <frame>
      <class>game.User</class>
      <method>save</method>
      <line>101</line>
    </frame>
    <frame>
      <class>game.Main</class>
      <method>main</method>
      <line>69</line>
    </frame>
  </exception>
</record>
</log>
<?xml version="1.0" encoding="UTF-8" standalone="no"?>
<!DOCTYPE log SYSTEM "logger.dtd">
<log>
</log>
<?xml version="1.0" encoding="UTF-8" standalone="no"?>
<!DOCTYPE log SYSTEM "logger.dtd">
<log>
</log>
<?xml version="1.0" encoding="UTF-8" standalone="no"?>
<!DOCTYPE log SYSTEM "logger.dtd">
<log>
</log>
<?xml version="1.0" encoding="UTF-8" standalone="no"?>
<!DOCTYPE log SYSTEM "logger.dtd">
<log>
</log>
<?xml version="1.0" encoding="UTF-8" standalone="no"?>
<!DOCTYPE log SYSTEM "logger.dtd">
<log>
<record>
  <date>2014-04-15T18:33:51</date>
  <millis>1397579631363</millis>
  <sequence>0</sequence>
  <logger>game.Main</logger>
  <level>SEVERE</level>
  <class>game.Model</class>
  <method>save</method>
  <thread>1</thread>
  <message>com.mysql.jdbc.exceptions.jdbc4.MySQLSyntaxErrorException: You have an error in your SQL syntax; check the manual that corresponds to your MySQL server version for the right syntax to use near 'WHERE id = 1' at line 1</message>
  <exception>
    <message>com.mysql.jdbc.exceptions.jdbc4.MySQLSyntaxErrorException: You have an error in your SQL syntax; check the manual that corresponds to your MySQL server version for the right syntax to use near 'WHERE id = 1' at line 1</message>
    <frame>
      <class>sun.reflect.NativeConstructorAccessorImpl</class>
      <method>newInstance0</method>
    </frame>
    <frame>
      <class>sun.reflect.NativeConstructorAccessorImpl</class>
      <method>newInstance</method>
      <line>57</line>
    </frame>
    <frame>
      <class>sun.reflect.DelegatingConstructorAccessorImpl</class>
      <method>newInstance</method>
      <line>45</line>
    </frame>
    <frame>
      <class>java.lang.reflect.Constructor</class>
      <method>newInstance</method>
      <line>526</line>
    </frame>
    <frame>
      <class>com.mysql.jdbc.Util</class>
      <method>handleNewInstance</method>
      <line>411</line>
    </frame>
    <frame>
      <class>com.mysql.jdbc.Util</class>
      <method>getInstance</method>
      <line>386</line>
    </frame>
    <frame>
      <class>com.mysql.jdbc.SQLError</class>
      <method>createSQLException</method>
      <line>1053</line>
    </frame>
    <frame>
      <class>com.mysql.jdbc.MysqlIO</class>
      <method>checkErrorPacket</method>
      <line>4120</line>
    </frame>
    <frame>
      <class>com.mysql.jdbc.MysqlIO</class>
      <method>checkErrorPacket</method>
      <line>4052</line>
    </frame>
    <frame>
      <class>com.mysql.jdbc.MysqlIO</class>
      <method>sendCommand</method>
      <line>2503</line>
    </frame>
    <frame>
      <class>com.mysql.jdbc.MysqlIO</class>
      <method>sqlQueryDirect</method>
      <line>2664</line>
    </frame>
    <frame>
      <class>com.mysql.jdbc.ConnectionImpl</class>
      <method>execSQL</method>
      <line>2788</line>
    </frame>
    <frame>
      <class>com.mysql.jdbc.StatementImpl</class>
      <method>executeUpdate</method>
      <line>1816</line>
    </frame>
    <frame>
      <class>com.mysql.jdbc.StatementImpl</class>
      <method>executeUpdate</method>
      <line>1730</line>
    </frame>
    <frame>
      <class>game.Model</class>
      <method>save</method>
      <line>79</line>
    </frame>
    <frame>
      <class>game.Main</class>
      <method>main</method>
      <line>64</line>
    </frame>
  </exception>
</record>
<record>
  <date>2014-04-15T18:33:51</date>
  <millis>1397579631374</millis>
  <sequence>1</sequence>
  <logger>game.Main</logger>
  <level>SEVERE</level>
  <class>game.Model</class>
  <method>save</method>
  <thread>1</thread>
  <message>java.sql.SQLException: Field 'username' doesn't have a default value</message>
  <exception>
    <message>java.sql.SQLException: Field 'username' doesn't have a default value</message>
    <frame>
      <class>com.mysql.jdbc.SQLError</class>
      <method>createSQLException</method>
      <line>1074</line>
    </frame>
    <frame>
      <class>com.mysql.jdbc.MysqlIO</class>
      <method>checkErrorPacket</method>
      <line>4120</line>
    </frame>
    <frame>
      <class>com.mysql.jdbc.MysqlIO</class>
      <method>checkErrorPacket</method>
      <line>4052</line>
    </frame>
    <frame>
      <class>com.mysql.jdbc.MysqlIO</class>
      <method>sendCommand</method>
      <line>2503</line>
    </frame>
    <frame>
      <class>com.mysql.jdbc.MysqlIO</class>
      <method>sqlQueryDirect</method>
      <line>2664</line>
    </frame>
    <frame>
      <class>com.mysql.jdbc.ConnectionImpl</class>
      <method>execSQL</method>
      <line>2788</line>
    </frame>
    <frame>
      <class>com.mysql.jdbc.StatementImpl</class>
      <method>executeUpdate</method>
      <line>1816</line>
    </frame>
    <frame>
      <class>com.mysql.jdbc.StatementImpl</class>
      <method>executeUpdate</method>
      <line>1730</line>
    </frame>
    <frame>
      <class>game.Model</class>
      <method>save</method>
      <line>79</line>
    </frame>
    <frame>
      <class>game.Main</class>
      <method>main</method>
      <line>69</line>
    </frame>
  </exception>
</record>
</log>
<?xml version="1.0" encoding="UTF-8" standalone="no"?>
<!DOCTYPE log SYSTEM "logger.dtd">
<log>
<record>
  <date>2014-04-15T18:35:46</date>
  <millis>1397579746040</millis>
  <sequence>0</sequence>
  <logger>game.Main</logger>
  <level>SEVERE</level>
  <class>game.Model</class>
  <method>save</method>
  <thread>1</thread>
  <message>java.sql.SQLException: Can not issue data manipulation statements with executeQuery().</message>
  <exception>
    <message>java.sql.SQLException: Can not issue data manipulation statements with executeQuery().</message>
    <frame>
      <class>com.mysql.jdbc.SQLError</class>
      <method>createSQLException</method>
      <line>1074</line>
    </frame>
    <frame>
      <class>com.mysql.jdbc.SQLError</class>
      <method>createSQLException</method>
      <line>988</line>
    </frame>
    <frame>
      <class>com.mysql.jdbc.SQLError</class>
      <method>createSQLException</method>
      <line>974</line>
    </frame>
    <frame>
      <class>com.mysql.jdbc.SQLError</class>
      <method>createSQLException</method>
      <line>919</line>
    </frame>
    <frame>
      <class>com.mysql.jdbc.StatementImpl</class>
      <method>checkForDml</method>
      <line>504</line>
    </frame>
    <frame>
      <class>com.mysql.jdbc.StatementImpl</class>
      <method>executeQuery</method>
      <line>1523</line>
    </frame>
    <frame>
      <class>game.Model</class>
      <method>save</method>
      <line>79</line>
    </frame>
    <frame>
      <class>game.Main</class>
      <method>main</method>
      <line>64</line>
    </frame>
  </exception>
</record>
<record>
  <date>2014-04-15T18:35:46</date>
  <millis>1397579746050</millis>
  <sequence>1</sequence>
  <logger>game.Main</logger>
  <level>SEVERE</level>
  <class>game.Model</class>
  <method>save</method>
  <thread>1</thread>
  <message>java.sql.SQLException: Can not issue data manipulation statements with executeQuery().</message>
  <exception>
    <message>java.sql.SQLException: Can not issue data manipulation statements with executeQuery().</message>
    <frame>
      <class>com.mysql.jdbc.SQLError</class>
      <method>createSQLException</method>
      <line>1074</line>
    </frame>
    <frame>
      <class>com.mysql.jdbc.SQLError</class>
      <method>createSQLException</method>
      <line>988</line>
    </frame>
    <frame>
      <class>com.mysql.jdbc.SQLError</class>
      <method>createSQLException</method>
      <line>974</line>
    </frame>
    <frame>
      <class>com.mysql.jdbc.SQLError</class>
      <method>createSQLException</method>
      <line>919</line>
    </frame>
    <frame>
      <class>com.mysql.jdbc.StatementImpl</class>
      <method>checkForDml</method>
      <line>504</line>
    </frame>
    <frame>
      <class>com.mysql.jdbc.StatementImpl</class>
      <method>executeQuery</method>
      <line>1523</line>
    </frame>
    <frame>
      <class>game.Model</class>
      <method>save</method>
      <line>79</line>
    </frame>
    <frame>
      <class>game.Main</class>
      <method>main</method>
      <line>69</line>
    </frame>
  </exception>
</record>
</log>
<?xml version="1.0" encoding="UTF-8" standalone="no"?>
<!DOCTYPE log SYSTEM "logger.dtd">
<log>
<record>
  <date>2014-04-15T18:36:36</date>
  <millis>1397579796858</millis>
  <sequence>0</sequence>
  <logger>game.Main</logger>
  <level>SEVERE</level>
  <class>game.Model</class>
  <method>save</method>
  <thread>1</thread>
  <message>com.mysql.jdbc.exceptions.jdbc4.MySQLSyntaxErrorException: You have an error in your SQL syntax; check the manual that corresponds to your MySQL server version for the right syntax to use near 'WHERE id = 1' at line 1</message>
  <exception>
    <message>com.mysql.jdbc.exceptions.jdbc4.MySQLSyntaxErrorException: You have an error in your SQL syntax; check the manual that corresponds to your MySQL server version for the right syntax to use near 'WHERE id = 1' at line 1</message>
    <frame>
      <class>sun.reflect.NativeConstructorAccessorImpl</class>
      <method>newInstance0</method>
    </frame>
    <frame>
      <class>sun.reflect.NativeConstructorAccessorImpl</class>
      <method>newInstance</method>
      <line>57</line>
    </frame>
    <frame>
      <class>sun.reflect.DelegatingConstructorAccessorImpl</class>
      <method>newInstance</method>
      <line>45</line>
    </frame>
    <frame>
      <class>java.lang.reflect.Constructor</class>
      <method>newInstance</method>
      <line>526</line>
    </frame>
    <frame>
      <class>com.mysql.jdbc.Util</class>
      <method>handleNewInstance</method>
      <line>411</line>
    </frame>
    <frame>
      <class>com.mysql.jdbc.Util</class>
      <method>getInstance</method>
      <line>386</line>
    </frame>
    <frame>
      <class>com.mysql.jdbc.SQLError</class>
      <method>createSQLException</method>
      <line>1053</line>
    </frame>
    <frame>
      <class>com.mysql.jdbc.MysqlIO</class>
      <method>checkErrorPacket</method>
      <line>4120</line>
    </frame>
    <frame>
      <class>com.mysql.jdbc.MysqlIO</class>
      <method>checkErrorPacket</method>
      <line>4052</line>
    </frame>
    <frame>
      <class>com.mysql.jdbc.MysqlIO</class>
      <method>sendCommand</method>
      <line>2503</line>
    </frame>
    <frame>
      <class>com.mysql.jdbc.MysqlIO</class>
      <method>sqlQueryDirect</method>
      <line>2664</line>
    </frame>
    <frame>
      <class>com.mysql.jdbc.ConnectionImpl</class>
      <method>execSQL</method>
      <line>2788</line>
    </frame>
    <frame>
      <class>com.mysql.jdbc.StatementImpl</class>
      <method>executeUpdate</method>
      <line>1816</line>
    </frame>
    <frame>
      <class>com.mysql.jdbc.StatementImpl</class>
      <method>executeUpdate</method>
      <line>1730</line>
    </frame>
    <frame>
      <class>game.Model</class>
      <method>save</method>
      <line>78</line>
    </frame>
    <frame>
      <class>game.Main</class>
      <method>main</method>
      <line>64</line>
    </frame>
  </exception>
</record>
<record>
  <date>2014-04-15T18:36:36</date>
  <millis>1397579796870</millis>
  <sequence>1</sequence>
  <logger>game.Main</logger>
  <level>SEVERE</level>
  <class>game.Model</class>
  <method>save</method>
  <thread>1</thread>
  <message>java.sql.SQLException: Field 'username' doesn't have a default value</message>
  <exception>
    <message>java.sql.SQLException: Field 'username' doesn't have a default value</message>
    <frame>
      <class>com.mysql.jdbc.SQLError</class>
      <method>createSQLException</method>
      <line>1074</line>
    </frame>
    <frame>
      <class>com.mysql.jdbc.MysqlIO</class>
      <method>checkErrorPacket</method>
      <line>4120</line>
    </frame>
    <frame>
      <class>com.mysql.jdbc.MysqlIO</class>
      <method>checkErrorPacket</method>
      <line>4052</line>
    </frame>
    <frame>
      <class>com.mysql.jdbc.MysqlIO</class>
      <method>sendCommand</method>
      <line>2503</line>
    </frame>
    <frame>
      <class>com.mysql.jdbc.MysqlIO</class>
      <method>sqlQueryDirect</method>
      <line>2664</line>
    </frame>
    <frame>
      <class>com.mysql.jdbc.ConnectionImpl</class>
      <method>execSQL</method>
      <line>2788</line>
    </frame>
    <frame>
      <class>com.mysql.jdbc.StatementImpl</class>
      <method>executeUpdate</method>
      <line>1816</line>
    </frame>
    <frame>
      <class>com.mysql.jdbc.StatementImpl</class>
      <method>executeUpdate</method>
      <line>1730</line>
    </frame>
    <frame>
      <class>game.Model</class>
      <method>save</method>
      <line>78</line>
    </frame>
    <frame>
      <class>game.Main</class>
      <method>main</method>
      <line>69</line>
    </frame>
  </exception>
</record>
</log>
<?xml version="1.0" encoding="UTF-8" standalone="no"?>
<!DOCTYPE log SYSTEM "logger.dtd">
<log>
<record>
  <date>2014-04-15T18:37:04</date>
  <millis>1397579824985</millis>
  <sequence>0</sequence>
  <logger>game.Main</logger>
  <level>SEVERE</level>
  <class>game.Model</class>
  <method>save</method>
  <thread>1</thread>
  <message>com.mysql.jdbc.exceptions.jdbc4.MySQLSyntaxErrorException: You have an error in your SQL syntax; check the manual that corresponds to your MySQL server version for the right syntax to use near 'WHERE id = 1' at line 1</message>
  <exception>
    <message>com.mysql.jdbc.exceptions.jdbc4.MySQLSyntaxErrorException: You have an error in your SQL syntax; check the manual that corresponds to your MySQL server version for the right syntax to use near 'WHERE id = 1' at line 1</message>
    <frame>
      <class>sun.reflect.NativeConstructorAccessorImpl</class>
      <method>newInstance0</method>
    </frame>
    <frame>
      <class>sun.reflect.NativeConstructorAccessorImpl</class>
      <method>newInstance</method>
      <line>57</line>
    </frame>
    <frame>
      <class>sun.reflect.DelegatingConstructorAccessorImpl</class>
      <method>newInstance</method>
      <line>45</line>
    </frame>
    <frame>
      <class>java.lang.reflect.Constructor</class>
      <method>newInstance</method>
      <line>526</line>
    </frame>
    <frame>
      <class>com.mysql.jdbc.Util</class>
      <method>handleNewInstance</method>
      <line>411</line>
    </frame>
    <frame>
      <class>com.mysql.jdbc.Util</class>
      <method>getInstance</method>
      <line>386</line>
    </frame>
    <frame>
      <class>com.mysql.jdbc.SQLError</class>
      <method>createSQLException</method>
      <line>1053</line>
    </frame>
    <frame>
      <class>com.mysql.jdbc.MysqlIO</class>
      <method>checkErrorPacket</method>
      <line>4120</line>
    </frame>
    <frame>
      <class>com.mysql.jdbc.MysqlIO</class>
      <method>checkErrorPacket</method>
      <line>4052</line>
    </frame>
    <frame>
      <class>com.mysql.jdbc.MysqlIO</class>
      <method>sendCommand</method>
      <line>2503</line>
    </frame>
    <frame>
      <class>com.mysql.jdbc.MysqlIO</class>
      <method>sqlQueryDirect</method>
      <line>2664</line>
    </frame>
    <frame>
      <class>com.mysql.jdbc.ConnectionImpl</class>
      <method>execSQL</method>
      <line>2788</line>
    </frame>
    <frame>
      <class>com.mysql.jdbc.StatementImpl</class>
      <method>executeUpdate</method>
      <line>1816</line>
    </frame>
    <frame>
      <class>com.mysql.jdbc.StatementImpl</class>
      <method>executeUpdate</method>
      <line>1730</line>
    </frame>
    <frame>
      <class>game.Model</class>
      <method>save</method>
      <line>78</line>
    </frame>
    <frame>
      <class>game.Main</class>
      <method>main</method>
      <line>64</line>
    </frame>
  </exception>
</record>
<record>
  <date>2014-04-15T18:37:04</date>
  <millis>1397579824996</millis>
  <sequence>1</sequence>
  <logger>game.Main</logger>
  <level>SEVERE</level>
  <class>game.Model</class>
  <method>save</method>
  <thread>1</thread>
  <message>java.sql.SQLException: Field 'username' doesn't have a default value</message>
  <exception>
    <message>java.sql.SQLException: Field 'username' doesn't have a default value</message>
    <frame>
      <class>com.mysql.jdbc.SQLError</class>
      <method>createSQLException</method>
      <line>1074</line>
    </frame>
    <frame>
      <class>com.mysql.jdbc.MysqlIO</class>
      <method>checkErrorPacket</method>
      <line>4120</line>
    </frame>
    <frame>
      <class>com.mysql.jdbc.MysqlIO</class>
      <method>checkErrorPacket</method>
      <line>4052</line>
    </frame>
    <frame>
      <class>com.mysql.jdbc.MysqlIO</class>
      <method>sendCommand</method>
      <line>2503</line>
    </frame>
    <frame>
      <class>com.mysql.jdbc.MysqlIO</class>
      <method>sqlQueryDirect</method>
      <line>2664</line>
    </frame>
    <frame>
      <class>com.mysql.jdbc.ConnectionImpl</class>
      <method>execSQL</method>
      <line>2788</line>
    </frame>
    <frame>
      <class>com.mysql.jdbc.StatementImpl</class>
      <method>executeUpdate</method>
      <line>1816</line>
    </frame>
    <frame>
      <class>com.mysql.jdbc.StatementImpl</class>
      <method>executeUpdate</method>
      <line>1730</line>
    </frame>
    <frame>
      <class>game.Model</class>
      <method>save</method>
      <line>78</line>
    </frame>
    <frame>
      <class>game.Main</class>
      <method>main</method>
      <line>69</line>
    </frame>
  </exception>
</record>
</log>
<?xml version="1.0" encoding="UTF-8" standalone="no"?>
<!DOCTYPE log SYSTEM "logger.dtd">
<log>
<record>
  <date>2014-04-15T18:37:12</date>
  <millis>1397579832437</millis>
  <sequence>0</sequence>
  <logger>game.Main</logger>
  <level>SEVERE</level>
  <class>game.Model</class>
  <method>save</method>
  <thread>1</thread>
  <message>com.mysql.jdbc.exceptions.jdbc4.MySQLSyntaxErrorException: You have an error in your SQL syntax; check the manual that corresponds to your MySQL server version for the right syntax to use near 'WHERE id = 1' at line 1</message>
  <exception>
    <message>com.mysql.jdbc.exceptions.jdbc4.MySQLSyntaxErrorException: You have an error in your SQL syntax; check the manual that corresponds to your MySQL server version for the right syntax to use near 'WHERE id = 1' at line 1</message>
    <frame>
      <class>sun.reflect.NativeConstructorAccessorImpl</class>
      <method>newInstance0</method>
    </frame>
    <frame>
      <class>sun.reflect.NativeConstructorAccessorImpl</class>
      <method>newInstance</method>
      <line>57</line>
    </frame>
    <frame>
      <class>sun.reflect.DelegatingConstructorAccessorImpl</class>
      <method>newInstance</method>
      <line>45</line>
    </frame>
    <frame>
      <class>java.lang.reflect.Constructor</class>
      <method>newInstance</method>
      <line>526</line>
    </frame>
    <frame>
      <class>com.mysql.jdbc.Util</class>
      <method>handleNewInstance</method>
      <line>411</line>
    </frame>
    <frame>
      <class>com.mysql.jdbc.Util</class>
      <method>getInstance</method>
      <line>386</line>
    </frame>
    <frame>
      <class>com.mysql.jdbc.SQLError</class>
      <method>createSQLException</method>
      <line>1053</line>
    </frame>
    <frame>
      <class>com.mysql.jdbc.MysqlIO</class>
      <method>checkErrorPacket</method>
      <line>4120</line>
    </frame>
    <frame>
      <class>com.mysql.jdbc.MysqlIO</class>
      <method>checkErrorPacket</method>
      <line>4052</line>
    </frame>
    <frame>
      <class>com.mysql.jdbc.MysqlIO</class>
      <method>sendCommand</method>
      <line>2503</line>
    </frame>
    <frame>
      <class>com.mysql.jdbc.MysqlIO</class>
      <method>sqlQueryDirect</method>
      <line>2664</line>
    </frame>
    <frame>
      <class>com.mysql.jdbc.ConnectionImpl</class>
      <method>execSQL</method>
      <line>2788</line>
    </frame>
    <frame>
      <class>com.mysql.jdbc.StatementImpl</class>
      <method>executeUpdate</method>
      <line>1816</line>
    </frame>
    <frame>
      <class>com.mysql.jdbc.StatementImpl</class>
      <method>executeUpdate</method>
      <line>1730</line>
    </frame>
    <frame>
      <class>game.Model</class>
      <method>save</method>
      <line>78</line>
    </frame>
    <frame>
      <class>game.Main</class>
      <method>main</method>
      <line>64</line>
    </frame>
  </exception>
</record>
<record>
  <date>2014-04-15T18:37:12</date>
  <millis>1397579832449</millis>
  <sequence>1</sequence>
  <logger>game.Main</logger>
  <level>SEVERE</level>
  <class>game.Model</class>
  <method>save</method>
  <thread>1</thread>
  <message>java.sql.SQLException: Field 'username' doesn't have a default value</message>
  <exception>
    <message>java.sql.SQLException: Field 'username' doesn't have a default value</message>
    <frame>
      <class>com.mysql.jdbc.SQLError</class>
      <method>createSQLException</method>
      <line>1074</line>
    </frame>
    <frame>
      <class>com.mysql.jdbc.MysqlIO</class>
      <method>checkErrorPacket</method>
      <line>4120</line>
    </frame>
    <frame>
      <class>com.mysql.jdbc.MysqlIO</class>
      <method>checkErrorPacket</method>
      <line>4052</line>
    </frame>
    <frame>
      <class>com.mysql.jdbc.MysqlIO</class>
      <method>sendCommand</method>
      <line>2503</line>
    </frame>
    <frame>
      <class>com.mysql.jdbc.MysqlIO</class>
      <method>sqlQueryDirect</method>
      <line>2664</line>
    </frame>
    <frame>
      <class>com.mysql.jdbc.ConnectionImpl</class>
      <method>execSQL</method>
      <line>2788</line>
    </frame>
    <frame>
      <class>com.mysql.jdbc.StatementImpl</class>
      <method>executeUpdate</method>
      <line>1816</line>
    </frame>
    <frame>
      <class>com.mysql.jdbc.StatementImpl</class>
      <method>executeUpdate</method>
      <line>1730</line>
    </frame>
    <frame>
      <class>game.Model</class>
      <method>save</method>
      <line>78</line>
    </frame>
    <frame>
      <class>game.Main</class>
      <method>main</method>
      <line>69</line>
    </frame>
  </exception>
</record>
</log>
<?xml version="1.0" encoding="UTF-8" standalone="no"?>
<!DOCTYPE log SYSTEM "logger.dtd">
<log>
</log>
<?xml version="1.0" encoding="UTF-8" standalone="no"?>
<!DOCTYPE log SYSTEM "logger.dtd">
<log>
</log>
<?xml version="1.0" encoding="UTF-8" standalone="no"?>
<!DOCTYPE log SYSTEM "logger.dtd">
<log>
</log>
<?xml version="1.0" encoding="UTF-8" standalone="no"?>
<!DOCTYPE log SYSTEM "logger.dtd">
<log>
<record>
  <date>2014-04-15T18:49:24</date>
  <millis>1397580564047</millis>
  <sequence>0</sequence>
  <logger>game.Main</logger>
  <level>SEVERE</level>
  <class>game.User</class>
  <method>save</method>
  <thread>1</thread>
  <message>java.sql.SQLException: Field 'password' doesn't have a default value</message>
  <exception>
    <message>java.sql.SQLException: Field 'password' doesn't have a default value</message>
    <frame>
      <class>com.mysql.jdbc.SQLError</class>
      <method>createSQLException</method>
      <line>1074</line>
    </frame>
    <frame>
      <class>com.mysql.jdbc.MysqlIO</class>
      <method>checkErrorPacket</method>
      <line>4120</line>
    </frame>
    <frame>
      <class>com.mysql.jdbc.MysqlIO</class>
      <method>checkErrorPacket</method>
      <line>4052</line>
    </frame>
    <frame>
      <class>com.mysql.jdbc.MysqlIO</class>
      <method>sendCommand</method>
      <line>2503</line>
    </frame>
    <frame>
      <class>com.mysql.jdbc.MysqlIO</class>
      <method>sqlQueryDirect</method>
      <line>2664</line>
    </frame>
    <frame>
      <class>com.mysql.jdbc.ConnectionImpl</class>
      <method>execSQL</method>
      <line>2788</line>
    </frame>
    <frame>
      <class>com.mysql.jdbc.StatementImpl</class>
      <method>executeUpdate</method>
      <line>1816</line>
    </frame>
    <frame>
      <class>com.mysql.jdbc.StatementImpl</class>
      <method>executeUpdate</method>
      <line>1730</line>
    </frame>
    <frame>
      <class>game.User</class>
      <method>save</method>
      <line>125</line>
    </frame>
    <frame>
      <class>game.Main</class>
      <method>main</method>
      <line>69</line>
    </frame>
  </exception>
</record>
</log>
<?xml version="1.0" encoding="UTF-8" standalone="no"?>
<!DOCTYPE log SYSTEM "logger.dtd">
<log>
<record>
  <date>2014-04-15T18:49:44</date>
  <millis>1397580584924</millis>
  <sequence>0</sequence>
  <logger>game.Main</logger>
  <level>SEVERE</level>
  <class>game.User</class>
  <method>save</method>
  <thread>1</thread>
  <message>java.sql.SQLException: Field 'password' doesn't have a default value</message>
  <exception>
    <message>java.sql.SQLException: Field 'password' doesn't have a default value</message>
    <frame>
      <class>com.mysql.jdbc.SQLError</class>
      <method>createSQLException</method>
      <line>1074</line>
    </frame>
    <frame>
      <class>com.mysql.jdbc.MysqlIO</class>
      <method>checkErrorPacket</method>
      <line>4120</line>
    </frame>
    <frame>
      <class>com.mysql.jdbc.MysqlIO</class>
      <method>checkErrorPacket</method>
      <line>4052</line>
    </frame>
    <frame>
      <class>com.mysql.jdbc.MysqlIO</class>
      <method>sendCommand</method>
      <line>2503</line>
    </frame>
    <frame>
      <class>com.mysql.jdbc.MysqlIO</class>
      <method>sqlQueryDirect</method>
      <line>2664</line>
    </frame>
    <frame>
      <class>com.mysql.jdbc.ConnectionImpl</class>
      <method>execSQL</method>
      <line>2788</line>
    </frame>
    <frame>
      <class>com.mysql.jdbc.StatementImpl</class>
      <method>executeUpdate</method>
      <line>1816</line>
    </frame>
    <frame>
      <class>com.mysql.jdbc.StatementImpl</class>
      <method>executeUpdate</method>
      <line>1730</line>
    </frame>
    <frame>
      <class>game.User</class>
      <method>save</method>
      <line>125</line>
    </frame>
    <frame>
      <class>game.Main</class>
      <method>main</method>
      <line>69</line>
    </frame>
  </exception>
</record>
</log>
<?xml version="1.0" encoding="UTF-8" standalone="no"?>
<!DOCTYPE log SYSTEM "logger.dtd">
<log>
<record>
  <date>2014-04-15T18:52:40</date>
  <millis>1397580760986</millis>
  <sequence>0</sequence>
  <logger>game.Main</logger>
  <level>SEVERE</level>
  <class>game.User</class>
  <method>save</method>
  <thread>1</thread>
  <message>java.sql.SQLException: Field 'password' doesn't have a default value</message>
  <exception>
    <message>java.sql.SQLException: Field 'password' doesn't have a default value</message>
    <frame>
      <class>com.mysql.jdbc.SQLError</class>
      <method>createSQLException</method>
      <line>1074</line>
    </frame>
    <frame>
      <class>com.mysql.jdbc.MysqlIO</class>
      <method>checkErrorPacket</method>
      <line>4120</line>
    </frame>
    <frame>
      <class>com.mysql.jdbc.MysqlIO</class>
      <method>checkErrorPacket</method>
      <line>4052</line>
    </frame>
    <frame>
      <class>com.mysql.jdbc.MysqlIO</class>
      <method>sendCommand</method>
      <line>2503</line>
    </frame>
    <frame>
      <class>com.mysql.jdbc.MysqlIO</class>
      <method>sqlQueryDirect</method>
      <line>2664</line>
    </frame>
    <frame>
      <class>com.mysql.jdbc.ConnectionImpl</class>
      <method>execSQL</method>
      <line>2788</line>
    </frame>
    <frame>
      <class>com.mysql.jdbc.StatementImpl</class>
      <method>executeUpdate</method>
      <line>1816</line>
    </frame>
    <frame>
      <class>com.mysql.jdbc.StatementImpl</class>
      <method>executeUpdate</method>
      <line>1730</line>
    </frame>
    <frame>
      <class>game.User</class>
      <method>save</method>
      <line>125</line>
    </frame>
    <frame>
      <class>game.Main</class>
      <method>main</method>
      <line>70</line>
    </frame>
  </exception>
</record>
</log>
<?xml version="1.0" encoding="UTF-8" standalone="no"?>
<!DOCTYPE log SYSTEM "logger.dtd">
<log>
<record>
  <date>2014-04-15T18:53:44</date>
  <millis>1397580824513</millis>
  <sequence>0</sequence>
  <logger>game.Main</logger>
  <level>SEVERE</level>
  <class>game.User</class>
  <method>save</method>
  <thread>1</thread>
  <message>com.mysql.jdbc.exceptions.jdbc4.MySQLIntegrityConstraintViolationException: Duplicate entry 'nowy' for key 'username'</message>
  <exception>
    <message>com.mysql.jdbc.exceptions.jdbc4.MySQLIntegrityConstraintViolationException: Duplicate entry 'nowy' for key 'username'</message>
    <frame>
      <class>sun.reflect.NativeConstructorAccessorImpl</class>
      <method>newInstance0</method>
    </frame>
    <frame>
      <class>sun.reflect.NativeConstructorAccessorImpl</class>
      <method>newInstance</method>
      <line>57</line>
    </frame>
    <frame>
      <class>sun.reflect.DelegatingConstructorAccessorImpl</class>
      <method>newInstance</method>
      <line>45</line>
    </frame>
    <frame>
      <class>java.lang.reflect.Constructor</class>
      <method>newInstance</method>
      <line>526</line>
    </frame>
    <frame>
      <class>com.mysql.jdbc.Util</class>
      <method>handleNewInstance</method>
      <line>411</line>
    </frame>
    <frame>
      <class>com.mysql.jdbc.Util</class>
      <method>getInstance</method>
      <line>386</line>
    </frame>
    <frame>
      <class>com.mysql.jdbc.SQLError</class>
      <method>createSQLException</method>
      <line>1040</line>
    </frame>
    <frame>
      <class>com.mysql.jdbc.MysqlIO</class>
      <method>checkErrorPacket</method>
      <line>4120</line>
    </frame>
    <frame>
      <class>com.mysql.jdbc.MysqlIO</class>
      <method>checkErrorPacket</method>
      <line>4052</line>
    </frame>
    <frame>
      <class>com.mysql.jdbc.MysqlIO</class>
      <method>sendCommand</method>
      <line>2503</line>
    </frame>
    <frame>
      <class>com.mysql.jdbc.MysqlIO</class>
      <method>sqlQueryDirect</method>
      <line>2664</line>
    </frame>
    <frame>
      <class>com.mysql.jdbc.ConnectionImpl</class>
      <method>execSQL</method>
      <line>2788</line>
    </frame>
    <frame>
      <class>com.mysql.jdbc.StatementImpl</class>
      <method>executeUpdate</method>
      <line>1816</line>
    </frame>
    <frame>
      <class>com.mysql.jdbc.StatementImpl</class>
      <method>executeUpdate</method>
      <line>1730</line>
    </frame>
    <frame>
      <class>game.User</class>
      <method>save</method>
      <line>125</line>
    </frame>
    <frame>
      <class>game.Main</class>
      <method>main</method>
      <line>71</line>
    </frame>
  </exception>
</record>
</log>
<?xml version="1.0" encoding="UTF-8" standalone="no"?>
<!DOCTYPE log SYSTEM "logger.dtd">
<log>
</log>
<?xml version="1.0" encoding="UTF-8" standalone="no"?>
<!DOCTYPE log SYSTEM "logger.dtd">
<log>
</log>
<?xml version="1.0" encoding="UTF-8" standalone="no"?>
<!DOCTYPE log SYSTEM "logger.dtd">
<log>
</log>
<?xml version="1.0" encoding="UTF-8" standalone="no"?>
<!DOCTYPE log SYSTEM "logger.dtd">
<log>
</log>
<?xml version="1.0" encoding="UTF-8" standalone="no"?>
<!DOCTYPE log SYSTEM "logger.dtd">
<log>
</log>
<?xml version="1.0" encoding="UTF-8" standalone="no"?>
<!DOCTYPE log SYSTEM "logger.dtd">
<log>
<record>
  <date>2014-04-16T16:29:41</date>
  <millis>1397658581039</millis>
  <sequence>0</sequence>
  <logger>game.Main</logger>
  <level>SEVERE</level>
  <class>game.Main</class>
  <method>main</method>
  <thread>1</thread>
  <message>com.mysql.jdbc.exceptions.jdbc4.CommunicationsException: Communications link failure

The last packet sent successfully to the server was 0 milliseconds ago. The driver has not received any packets from the server.</message>
  <exception>
    <message>com.mysql.jdbc.exceptions.jdbc4.CommunicationsException: Communications link failure

The last packet sent successfully to the server was 0 milliseconds ago. The driver has not received any packets from the server.</message>
    <frame>
      <class>sun.reflect.NativeConstructorAccessorImpl</class>
      <method>newInstance0</method>
    </frame>
    <frame>
      <class>sun.reflect.NativeConstructorAccessorImpl</class>
      <method>newInstance</method>
      <line>57</line>
    </frame>
    <frame>
      <class>sun.reflect.DelegatingConstructorAccessorImpl</class>
      <method>newInstance</method>
      <line>45</line>
    </frame>
    <frame>
      <class>java.lang.reflect.Constructor</class>
      <method>newInstance</method>
      <line>526</line>
    </frame>
    <frame>
      <class>com.mysql.jdbc.Util</class>
      <method>handleNewInstance</method>
      <line>411</line>
    </frame>
    <frame>
      <class>com.mysql.jdbc.SQLError</class>
      <method>createCommunicationsException</method>
      <line>1117</line>
    </frame>
    <frame>
      <class>com.mysql.jdbc.MysqlIO</class>
      <method>&lt;init&gt;</method>
      <line>355</line>
    </frame>
    <frame>
      <class>com.mysql.jdbc.ConnectionImpl</class>
      <method>coreConnect</method>
      <line>2461</line>
    </frame>
    <frame>
      <class>com.mysql.jdbc.ConnectionImpl</class>
      <method>connectOneTryOnly</method>
      <line>2498</line>
    </frame>
    <frame>
      <class>com.mysql.jdbc.ConnectionImpl</class>
      <method>createNewIO</method>
      <line>2283</line>
    </frame>
    <frame>
      <class>com.mysql.jdbc.ConnectionImpl</class>
      <method>&lt;init&gt;</method>
      <line>822</line>
    </frame>
    <frame>
      <class>com.mysql.jdbc.JDBC4Connection</class>
      <method>&lt;init&gt;</method>
      <line>47</line>
    </frame>
    <frame>
      <class>sun.reflect.NativeConstructorAccessorImpl</class>
      <method>newInstance0</method>
    </frame>
    <frame>
      <class>sun.reflect.NativeConstructorAccessorImpl</class>
      <method>newInstance</method>
      <line>57</line>
    </frame>
    <frame>
      <class>sun.reflect.DelegatingConstructorAccessorImpl</class>
      <method>newInstance</method>
      <line>45</line>
    </frame>
    <frame>
      <class>java.lang.reflect.Constructor</class>
      <method>newInstance</method>
      <line>526</line>
    </frame>
    <frame>
      <class>com.mysql.jdbc.Util</class>
      <method>handleNewInstance</method>
      <line>411</line>
    </frame>
    <frame>
      <class>com.mysql.jdbc.ConnectionImpl</class>
      <method>getInstance</method>
      <line>404</line>
    </frame>
    <frame>
      <class>com.mysql.jdbc.NonRegisteringDriver</class>
      <method>connect</method>
      <line>317</line>
    </frame>
    <frame>
      <class>java.sql.DriverManager</class>
      <method>getConnection</method>
      <line>571</line>
    </frame>
    <frame>
      <class>java.sql.DriverManager</class>
      <method>getConnection</method>
      <line>215</line>
    </frame>
    <frame>
      <class>game.Main</class>
      <method>main</method>
      <line>60</line>
    </frame>
  </exception>
</record>
</log>
<?xml version="1.0" encoding="UTF-8" standalone="no"?>
<!DOCTYPE log SYSTEM "logger.dtd">
<log>
</log>
<?xml version="1.0" encoding="UTF-8" standalone="no"?>
<!DOCTYPE log SYSTEM "logger.dtd">
<log>
</log>
<?xml version="1.0" encoding="UTF-8" standalone="no"?>
<!DOCTYPE log SYSTEM "logger.dtd">
<log>
</log>
<?xml version="1.0" encoding="UTF-8" standalone="no"?>
<!DOCTYPE log SYSTEM "logger.dtd">
<log>
</log>
<?xml version="1.0" encoding="UTF-8" standalone="no"?>
<!DOCTYPE log SYSTEM "logger.dtd">
<log>
</log>
<?xml version="1.0" encoding="UTF-8" standalone="no"?>
<!DOCTYPE log SYSTEM "logger.dtd">
<log>
</log>
<?xml version="1.0" encoding="UTF-8" standalone="no"?>
<!DOCTYPE log SYSTEM "logger.dtd">
<log>
<record>
  <date>2014-04-17T10:12:47</date>
  <millis>1397722367396</millis>
  <sequence>0</sequence>
  <logger>game.Main</logger>
  <level>SEVERE</level>
  <class>game.Main</class>
  <method>main</method>
  <thread>1</thread>
  <message>com.mysql.jdbc.exceptions.jdbc4.CommunicationsException: Communications link failure

The last packet sent successfully to the server was 0 milliseconds ago. The driver has not received any packets from the server.</message>
  <exception>
    <message>com.mysql.jdbc.exceptions.jdbc4.CommunicationsException: Communications link failure

The last packet sent successfully to the server was 0 milliseconds ago. The driver has not received any packets from the server.</message>
    <frame>
      <class>sun.reflect.NativeConstructorAccessorImpl</class>
      <method>newInstance0</method>
    </frame>
    <frame>
      <class>sun.reflect.NativeConstructorAccessorImpl</class>
      <method>newInstance</method>
      <line>57</line>
    </frame>
    <frame>
      <class>sun.reflect.DelegatingConstructorAccessorImpl</class>
      <method>newInstance</method>
      <line>45</line>
    </frame>
    <frame>
      <class>java.lang.reflect.Constructor</class>
      <method>newInstance</method>
      <line>526</line>
    </frame>
    <frame>
      <class>com.mysql.jdbc.Util</class>
      <method>handleNewInstance</method>
      <line>411</line>
    </frame>
    <frame>
      <class>com.mysql.jdbc.SQLError</class>
      <method>createCommunicationsException</method>
      <line>1117</line>
    </frame>
    <frame>
      <class>com.mysql.jdbc.MysqlIO</class>
      <method>&lt;init&gt;</method>
      <line>355</line>
    </frame>
    <frame>
      <class>com.mysql.jdbc.ConnectionImpl</class>
      <method>coreConnect</method>
      <line>2461</line>
    </frame>
    <frame>
      <class>com.mysql.jdbc.ConnectionImpl</class>
      <method>connectOneTryOnly</method>
      <line>2498</line>
    </frame>
    <frame>
      <class>com.mysql.jdbc.ConnectionImpl</class>
      <method>createNewIO</method>
      <line>2283</line>
    </frame>
    <frame>
      <class>com.mysql.jdbc.ConnectionImpl</class>
      <method>&lt;init&gt;</method>
      <line>822</line>
    </frame>
    <frame>
      <class>com.mysql.jdbc.JDBC4Connection</class>
      <method>&lt;init&gt;</method>
      <line>47</line>
    </frame>
    <frame>
      <class>sun.reflect.NativeConstructorAccessorImpl</class>
      <method>newInstance0</method>
    </frame>
    <frame>
      <class>sun.reflect.NativeConstructorAccessorImpl</class>
      <method>newInstance</method>
      <line>57</line>
    </frame>
    <frame>
      <class>sun.reflect.DelegatingConstructorAccessorImpl</class>
      <method>newInstance</method>
      <line>45</line>
    </frame>
    <frame>
      <class>java.lang.reflect.Constructor</class>
      <method>newInstance</method>
      <line>526</line>
    </frame>
    <frame>
      <class>com.mysql.jdbc.Util</class>
      <method>handleNewInstance</method>
      <line>411</line>
    </frame>
    <frame>
      <class>com.mysql.jdbc.ConnectionImpl</class>
      <method>getInstance</method>
      <line>404</line>
    </frame>
    <frame>
      <class>com.mysql.jdbc.NonRegisteringDriver</class>
      <method>connect</method>
      <line>317</line>
    </frame>
    <frame>
      <class>java.sql.DriverManager</class>
      <method>getConnection</method>
      <line>571</line>
    </frame>
    <frame>
      <class>java.sql.DriverManager</class>
      <method>getConnection</method>
      <line>215</line>
    </frame>
    <frame>
      <class>game.Main</class>
      <method>main</method>
      <line>273</line>
    </frame>
  </exception>
</record>
</log>
<?xml version="1.0" encoding="UTF-8" standalone="no"?>
<!DOCTYPE log SYSTEM "logger.dtd">
<log>
</log>
<?xml version="1.0" encoding="UTF-8" standalone="no"?>
<!DOCTYPE log SYSTEM "logger.dtd">
<log>
</log>
<?xml version="1.0" encoding="UTF-8" standalone="no"?>
<!DOCTYPE log SYSTEM "logger.dtd">
<log>
</log>
<?xml version="1.0" encoding="UTF-8" standalone="no"?>
<!DOCTYPE log SYSTEM "logger.dtd">
<log>
<record>
  <date>2014-04-17T15:02:01</date>
  <millis>1397739721807</millis>
  <sequence>0</sequence>
  <logger>game.Main</logger>
  <level>SEVERE</level>
  <class>game.Main</class>
  <method>main</method>
  <thread>1</thread>
  <message>java.lang.NullPointerException</message>
  <exception>
    <message>java.lang.NullPointerException</message>
    <frame>
      <class>game.User</class>
      <method>find</method>
      <line>55</line>
    </frame>
    <frame>
      <class>game.Main</class>
      <method>main</method>
      <line>48</line>
    </frame>
  </exception>
</record>
</log>
<?xml version="1.0" encoding="UTF-8" standalone="no"?>
<!DOCTYPE log SYSTEM "logger.dtd">
<log>
<record>
  <date>2014-04-17T15:02:57</date>
  <millis>1397739777161</millis>
  <sequence>0</sequence>
  <logger>game.Main</logger>
  <level>SEVERE</level>
  <class>game.User</class>
  <method>find</method>
  <thread>1</thread>
  <message>java.lang.NullPointerException</message>
  <exception>
    <message>java.lang.NullPointerException</message>
    <frame>
      <class>game.User</class>
      <method>find</method>
      <line>58</line>
    </frame>
    <frame>
      <class>game.Main</class>
      <method>main</method>
      <line>48</line>
    </frame>
  </exception>
</record>
</log>
<?xml version="1.0" encoding="UTF-8" standalone="no"?>
<!DOCTYPE log SYSTEM "logger.dtd">
<log>
</log>
<?xml version="1.0" encoding="UTF-8" standalone="no"?>
<!DOCTYPE log SYSTEM "logger.dtd">
<log>
</log>
<?xml version="1.0" encoding="UTF-8" standalone="no"?>
<!DOCTYPE log SYSTEM "logger.dtd">
<log>
</log>
<?xml version="1.0" encoding="UTF-8" standalone="no"?>
<!DOCTYPE log SYSTEM "logger.dtd">
<log>
<record>
  <date>2014-04-17T22:04:54</date>
  <millis>1397765094246</millis>
  <sequence>0</sequence>
  <logger>game.Main</logger>
  <level>SEVERE</level>
  <class>game.Main</class>
  <method>main</method>
  <thread>1</thread>
  <message>java.lang.ArrayIndexOutOfBoundsException: 1 &gt; 0</message>
  <exception>
    <message>java.lang.ArrayIndexOutOfBoundsException: 1 &gt; 0</message>
    <frame>
      <class>java.util.Vector</class>
      <method>insertElementAt</method>
      <line>594</line>
    </frame>
    <frame>
      <class>java.util.Vector</class>
      <method>add</method>
      <line>810</line>
    </frame>
    <frame>
      <class>game.Users</class>
      <method>addUser</method>
      <line>20</line>
    </frame>
    <frame>
      <class>game.Main</class>
      <method>main</method>
      <line>46</line>
    </frame>
  </exception>
</record>
</log>
<?xml version="1.0" encoding="UTF-8" standalone="no"?>
<!DOCTYPE log SYSTEM "logger.dtd">
<log>
</log>
<?xml version="1.0" encoding="UTF-8" standalone="no"?>
<!DOCTYPE log SYSTEM "logger.dtd">
<log>
</log>
<?xml version="1.0" encoding="UTF-8" standalone="no"?>
<!DOCTYPE log SYSTEM "logger.dtd">
<log>
</log>
<?xml version="1.0" encoding="UTF-8" standalone="no"?>
<!DOCTYPE log SYSTEM "logger.dtd">
<log>
</log>
<?xml version="1.0" encoding="UTF-8" standalone="no"?>
<!DOCTYPE log SYSTEM "logger.dtd">
<log>
</log>
<?xml version="1.0" encoding="UTF-8" standalone="no"?>
<!DOCTYPE log SYSTEM "logger.dtd">
<log>
</log>
<?xml version="1.0" encoding="UTF-8" standalone="no"?>
<!DOCTYPE log SYSTEM "logger.dtd">
<log>
</log>
<?xml version="1.0" encoding="UTF-8" standalone="no"?>
<!DOCTYPE log SYSTEM "logger.dtd">
<log>
</log>
<?xml version="1.0" encoding="UTF-8" standalone="no"?>
<!DOCTYPE log SYSTEM "logger.dtd">
<log>
</log>
<?xml version="1.0" encoding="UTF-8" standalone="no"?>
<!DOCTYPE log SYSTEM "logger.dtd">
<log>
</log>
<?xml version="1.0" encoding="UTF-8" standalone="no"?>
<!DOCTYPE log SYSTEM "logger.dtd">
<log>
</log>
<?xml version="1.0" encoding="UTF-8" standalone="no"?>
<!DOCTYPE log SYSTEM "logger.dtd">
<log>
</log>
<?xml version="1.0" encoding="UTF-8" standalone="no"?>
<!DOCTYPE log SYSTEM "logger.dtd">
<log>
</log>
<?xml version="1.0" encoding="UTF-8" standalone="no"?>
<!DOCTYPE log SYSTEM "logger.dtd">
<log>
</log>
<?xml version="1.0" encoding="UTF-8" standalone="no"?>
<!DOCTYPE log SYSTEM "logger.dtd">
<log>
<record>
  <date>2014-04-22T16:17:23</date>
  <millis>1398176243807</millis>
  <sequence>0</sequence>
  <logger>game.Main</logger>
  <level>SEVERE</level>
  <class>game.Main</class>
  <method>main</method>
  <thread>1</thread>
  <message>com.mysql.jdbc.exceptions.jdbc4.CommunicationsException: Communications link failure

The last packet sent successfully to the server was 0 milliseconds ago. The driver has not received any packets from the server.</message>
  <exception>
    <message>com.mysql.jdbc.exceptions.jdbc4.CommunicationsException: Communications link failure

The last packet sent successfully to the server was 0 milliseconds ago. The driver has not received any packets from the server.</message>
    <frame>
      <class>sun.reflect.NativeConstructorAccessorImpl</class>
      <method>newInstance0</method>
    </frame>
    <frame>
      <class>sun.reflect.NativeConstructorAccessorImpl</class>
      <method>newInstance</method>
      <line>57</line>
    </frame>
    <frame>
      <class>sun.reflect.DelegatingConstructorAccessorImpl</class>
      <method>newInstance</method>
      <line>45</line>
    </frame>
    <frame>
      <class>java.lang.reflect.Constructor</class>
      <method>newInstance</method>
      <line>526</line>
    </frame>
    <frame>
      <class>com.mysql.jdbc.Util</class>
      <method>handleNewInstance</method>
      <line>411</line>
    </frame>
    <frame>
      <class>com.mysql.jdbc.SQLError</class>
      <method>createCommunicationsException</method>
      <line>1117</line>
    </frame>
    <frame>
      <class>com.mysql.jdbc.MysqlIO</class>
      <method>&lt;init&gt;</method>
      <line>355</line>
    </frame>
    <frame>
      <class>com.mysql.jdbc.ConnectionImpl</class>
      <method>coreConnect</method>
      <line>2461</line>
    </frame>
    <frame>
      <class>com.mysql.jdbc.ConnectionImpl</class>
      <method>connectOneTryOnly</method>
      <line>2498</line>
    </frame>
    <frame>
      <class>com.mysql.jdbc.ConnectionImpl</class>
      <method>createNewIO</method>
      <line>2283</line>
    </frame>
    <frame>
      <class>com.mysql.jdbc.ConnectionImpl</class>
      <method>&lt;init&gt;</method>
      <line>822</line>
    </frame>
    <frame>
      <class>com.mysql.jdbc.JDBC4Connection</class>
      <method>&lt;init&gt;</method>
      <line>47</line>
    </frame>
    <frame>
      <class>sun.reflect.NativeConstructorAccessorImpl</class>
      <method>newInstance0</method>
    </frame>
    <frame>
      <class>sun.reflect.NativeConstructorAccessorImpl</class>
      <method>newInstance</method>
      <line>57</line>
    </frame>
    <frame>
      <class>sun.reflect.DelegatingConstructorAccessorImpl</class>
      <method>newInstance</method>
      <line>45</line>
    </frame>
    <frame>
      <class>java.lang.reflect.Constructor</class>
      <method>newInstance</method>
      <line>526</line>
    </frame>
    <frame>
      <class>com.mysql.jdbc.Util</class>
      <method>handleNewInstance</method>
      <line>411</line>
    </frame>
    <frame>
      <class>com.mysql.jdbc.ConnectionImpl</class>
      <method>getInstance</method>
      <line>404</line>
    </frame>
    <frame>
      <class>com.mysql.jdbc.NonRegisteringDriver</class>
      <method>connect</method>
      <line>317</line>
    </frame>
    <frame>
      <class>java.sql.DriverManager</class>
      <method>getConnection</method>
      <line>571</line>
    </frame>
    <frame>
      <class>java.sql.DriverManager</class>
      <method>getConnection</method>
      <line>215</line>
    </frame>
    <frame>
      <class>game.Main</class>
      <method>main</method>
      <line>41</line>
    </frame>
  </exception>
</record>
</log>
<?xml version="1.0" encoding="UTF-8" standalone="no"?>
<!DOCTYPE log SYSTEM "logger.dtd">
<log>
<record>
  <date>2014-04-22T19:41:05</date>
  <millis>1398188465601</millis>
  <sequence>0</sequence>
  <logger>Server.Main</logger>
  <level>SEVERE</level>
  <class>Server.User</class>
  <method>find</method>
  <thread>12</thread>
  <message>com.mysql.jdbc.exceptions.jdbc4.MySQLNonTransientConnectionException: No operations allowed after connection closed.</message>
  <exception>
    <message>com.mysql.jdbc.exceptions.jdbc4.MySQLNonTransientConnectionException: No operations allowed after connection closed.</message>
    <frame>
      <class>sun.reflect.NativeConstructorAccessorImpl</class>
      <method>newInstance0</method>
    </frame>
    <frame>
      <class>sun.reflect.NativeConstructorAccessorImpl</class>
      <method>newInstance</method>
      <line>57</line>
    </frame>
    <frame>
      <class>sun.reflect.DelegatingConstructorAccessorImpl</class>
      <method>newInstance</method>
      <line>45</line>
    </frame>
    <frame>
      <class>java.lang.reflect.Constructor</class>
      <method>newInstance</method>
      <line>526</line>
    </frame>
    <frame>
      <class>com.mysql.jdbc.Util</class>
      <method>handleNewInstance</method>
      <line>411</line>
    </frame>
    <frame>
      <class>com.mysql.jdbc.Util</class>
      <method>getInstance</method>
      <line>386</line>
    </frame>
    <frame>
      <class>com.mysql.jdbc.SQLError</class>
      <method>createSQLException</method>
      <line>1014</line>
    </frame>
    <frame>
      <class>com.mysql.jdbc.SQLError</class>
      <method>createSQLException</method>
      <line>988</line>
    </frame>
    <frame>
      <class>com.mysql.jdbc.SQLError</class>
      <method>createSQLException</method>
      <line>974</line>
    </frame>
    <frame>
      <class>com.mysql.jdbc.SQLError</class>
      <method>createSQLException</method>
      <line>919</line>
    </frame>
    <frame>
      <class>com.mysql.jdbc.ConnectionImpl</class>
      <method>throwConnectionClosedException</method>
      <line>1290</line>
    </frame>
    <frame>
      <class>com.mysql.jdbc.ConnectionImpl</class>
      <method>checkClosed</method>
      <line>1282</line>
    </frame>
    <frame>
      <class>com.mysql.jdbc.ConnectionImpl</class>
      <method>createStatement</method>
      <line>2653</line>
    </frame>
    <frame>
      <class>com.mysql.jdbc.ConnectionImpl</class>
      <method>createStatement</method>
      <line>2635</line>
    </frame>
    <frame>
      <class>Server.User</class>
      <method>find</method>
      <line>105</line>
    </frame>
    <frame>
      <class>Server.ServerListener</class>
      <method>received</method>
      <line>61</line>
    </frame>
    <frame>
      <class>com.esotericsoftware.kryonet.Server$1</class>
      <method>received</method>
      <line>61</line>
    </frame>
    <frame>
      <class>com.esotericsoftware.kryonet.Connection</class>
      <method>notifyReceived</method>
      <line>246</line>
    </frame>
    <frame>
      <class>com.esotericsoftware.kryonet.Server</class>
      <method>update</method>
      <line>208</line>
    </frame>
    <frame>
      <class>com.esotericsoftware.kryonet.Server</class>
      <method>run</method>
      <line>356</line>
    </frame>
    <frame>
      <class>java.lang.Thread</class>
      <method>run</method>
      <line>744</line>
    </frame>
  </exception>
</record>
<?xml version="1.0" encoding="UTF-8" standalone="no"?>
<!DOCTYPE log SYSTEM "logger.dtd">
<log>
<record>
  <date>2014-04-22T19:44:08</date>
  <millis>1398188648745</millis>
  <sequence>0</sequence>
  <logger>Server.Main</logger>
  <level>SEVERE</level>
  <class>Server.User</class>
  <method>find</method>
  <thread>12</thread>
  <message>com.mysql.jdbc.exceptions.jdbc4.MySQLNonTransientConnectionException: No operations allowed after connection closed.</message>
  <exception>
    <message>com.mysql.jdbc.exceptions.jdbc4.MySQLNonTransientConnectionException: No operations allowed after connection closed.</message>
    <frame>
      <class>sun.reflect.NativeConstructorAccessorImpl</class>
      <method>newInstance0</method>
    </frame>
    <frame>
      <class>sun.reflect.NativeConstructorAccessorImpl</class>
      <method>newInstance</method>
      <line>57</line>
    </frame>
    <frame>
      <class>sun.reflect.DelegatingConstructorAccessorImpl</class>
      <method>newInstance</method>
      <line>45</line>
    </frame>
    <frame>
      <class>java.lang.reflect.Constructor</class>
      <method>newInstance</method>
      <line>526</line>
    </frame>
    <frame>
      <class>com.mysql.jdbc.Util</class>
      <method>handleNewInstance</method>
      <line>411</line>
    </frame>
    <frame>
      <class>com.mysql.jdbc.Util</class>
      <method>getInstance</method>
      <line>386</line>
    </frame>
    <frame>
      <class>com.mysql.jdbc.SQLError</class>
      <method>createSQLException</method>
      <line>1014</line>
    </frame>
    <frame>
      <class>com.mysql.jdbc.SQLError</class>
      <method>createSQLException</method>
      <line>988</line>
    </frame>
    <frame>
      <class>com.mysql.jdbc.SQLError</class>
      <method>createSQLException</method>
      <line>974</line>
    </frame>
    <frame>
      <class>com.mysql.jdbc.SQLError</class>
      <method>createSQLException</method>
      <line>919</line>
    </frame>
    <frame>
      <class>com.mysql.jdbc.ConnectionImpl</class>
      <method>throwConnectionClosedException</method>
      <line>1290</line>
    </frame>
    <frame>
      <class>com.mysql.jdbc.ConnectionImpl</class>
      <method>checkClosed</method>
      <line>1282</line>
    </frame>
    <frame>
      <class>com.mysql.jdbc.ConnectionImpl</class>
      <method>createStatement</method>
      <line>2653</line>
    </frame>
    <frame>
      <class>com.mysql.jdbc.ConnectionImpl</class>
      <method>createStatement</method>
      <line>2635</line>
    </frame>
    <frame>
      <class>Server.User</class>
      <method>find</method>
      <line>105</line>
    </frame>
    <frame>
      <class>Server.ServerListener</class>
      <method>received</method>
      <line>61</line>
    </frame>
    <frame>
      <class>com.esotericsoftware.kryonet.Server$1</class>
      <method>received</method>
      <line>61</line>
    </frame>
    <frame>
      <class>com.esotericsoftware.kryonet.Connection</class>
      <method>notifyReceived</method>
      <line>246</line>
    </frame>
    <frame>
      <class>com.esotericsoftware.kryonet.Server</class>
      <method>update</method>
      <line>208</line>
    </frame>
    <frame>
      <class>com.esotericsoftware.kryonet.Server</class>
      <method>run</method>
      <line>356</line>
    </frame>
    <frame>
      <class>java.lang.Thread</class>
      <method>run</method>
      <line>744</line>
    </frame>
  </exception>
</record>
<?xml version="1.0" encoding="UTF-8" standalone="no"?>
<!DOCTYPE log SYSTEM "logger.dtd">
<log>
<record>
  <date>2014-05-05T18:04:50</date>
  <millis>1399305890626</millis>
  <sequence>0</sequence>
  <logger>Server.Main</logger>
  <level>SEVERE</level>
  <class>Server.Main</class>
  <method>main</method>
  <thread>1</thread>
  <message>com.mysql.jdbc.exceptions.jdbc4.CommunicationsException: Communications link failure

The last packet sent successfully to the server was 0 milliseconds ago. The driver has not received any packets from the server.</message>
  <exception>
    <message>com.mysql.jdbc.exceptions.jdbc4.CommunicationsException: Communications link failure

The last packet sent successfully to the server was 0 milliseconds ago. The driver has not received any packets from the server.</message>
    <frame>
      <class>sun.reflect.NativeConstructorAccessorImpl</class>
      <method>newInstance0</method>
    </frame>
    <frame>
      <class>sun.reflect.NativeConstructorAccessorImpl</class>
      <method>newInstance</method>
      <line>57</line>
    </frame>
    <frame>
      <class>sun.reflect.DelegatingConstructorAccessorImpl</class>
      <method>newInstance</method>
      <line>45</line>
    </frame>
    <frame>
      <class>java.lang.reflect.Constructor</class>
      <method>newInstance</method>
      <line>526</line>
    </frame>
    <frame>
      <class>com.mysql.jdbc.Util</class>
      <method>handleNewInstance</method>
      <line>411</line>
    </frame>
    <frame>
      <class>com.mysql.jdbc.SQLError</class>
      <method>createCommunicationsException</method>
      <line>1117</line>
    </frame>
    <frame>
      <class>com.mysql.jdbc.MysqlIO</class>
      <method>&lt;init&gt;</method>
      <line>355</line>
    </frame>
    <frame>
      <class>com.mysql.jdbc.ConnectionImpl</class>
      <method>coreConnect</method>
      <line>2461</line>
    </frame>
    <frame>
      <class>com.mysql.jdbc.ConnectionImpl</class>
      <method>connectOneTryOnly</method>
      <line>2498</line>
    </frame>
    <frame>
      <class>com.mysql.jdbc.ConnectionImpl</class>
      <method>createNewIO</method>
      <line>2283</line>
    </frame>
    <frame>
      <class>com.mysql.jdbc.ConnectionImpl</class>
      <method>&lt;init&gt;</method>
      <line>822</line>
    </frame>
    <frame>
      <class>com.mysql.jdbc.JDBC4Connection</class>
      <method>&lt;init&gt;</method>
      <line>47</line>
    </frame>
    <frame>
      <class>sun.reflect.NativeConstructorAccessorImpl</class>
      <method>newInstance0</method>
    </frame>
    <frame>
      <class>sun.reflect.NativeConstructorAccessorImpl</class>
      <method>newInstance</method>
      <line>57</line>
    </frame>
    <frame>
      <class>sun.reflect.DelegatingConstructorAccessorImpl</class>
      <method>newInstance</method>
      <line>45</line>
    </frame>
    <frame>
      <class>java.lang.reflect.Constructor</class>
      <method>newInstance</method>
      <line>526</line>
    </frame>
    <frame>
      <class>com.mysql.jdbc.Util</class>
      <method>handleNewInstance</method>
      <line>411</line>
    </frame>
    <frame>
      <class>com.mysql.jdbc.ConnectionImpl</class>
      <method>getInstance</method>
      <line>404</line>
    </frame>
    <frame>
      <class>com.mysql.jdbc.NonRegisteringDriver</class>
      <method>connect</method>
      <line>317</line>
    </frame>
    <frame>
      <class>java.sql.DriverManager</class>
      <method>getConnection</method>
      <line>571</line>
    </frame>
    <frame>
      <class>java.sql.DriverManager</class>
      <method>getConnection</method>
      <line>215</line>
    </frame>
    <frame>
      <class>Server.Main</class>
      <method>main</method>
      <line>41</line>
    </frame>
  </exception>
</record>
</log>
<?xml version="1.0" encoding="UTF-8" standalone="no"?>
<!DOCTYPE log SYSTEM "logger.dtd">
<log>
<record>
  <date>2014-05-05T18:06:10</date>
  <millis>1399305970844</millis>
  <sequence>0</sequence>
  <logger>Server.Main</logger>
  <level>SEVERE</level>
  <class>Server.Main</class>
  <method>main</method>
  <thread>1</thread>
  <message>com.mysql.jdbc.exceptions.jdbc4.CommunicationsException: Communications link failure

The last packet sent successfully to the server was 0 milliseconds ago. The driver has not received any packets from the server.</message>
  <exception>
    <message>com.mysql.jdbc.exceptions.jdbc4.CommunicationsException: Communications link failure

The last packet sent successfully to the server was 0 milliseconds ago. The driver has not received any packets from the server.</message>
    <frame>
      <class>sun.reflect.NativeConstructorAccessorImpl</class>
      <method>newInstance0</method>
    </frame>
    <frame>
      <class>sun.reflect.NativeConstructorAccessorImpl</class>
      <method>newInstance</method>
      <line>57</line>
    </frame>
    <frame>
      <class>sun.reflect.DelegatingConstructorAccessorImpl</class>
      <method>newInstance</method>
      <line>45</line>
    </frame>
    <frame>
      <class>java.lang.reflect.Constructor</class>
      <method>newInstance</method>
      <line>526</line>
    </frame>
    <frame>
      <class>com.mysql.jdbc.Util</class>
      <method>handleNewInstance</method>
      <line>411</line>
    </frame>
    <frame>
      <class>com.mysql.jdbc.SQLError</class>
      <method>createCommunicationsException</method>
      <line>1117</line>
    </frame>
    <frame>
      <class>com.mysql.jdbc.MysqlIO</class>
      <method>&lt;init&gt;</method>
      <line>355</line>
    </frame>
    <frame>
      <class>com.mysql.jdbc.ConnectionImpl</class>
      <method>coreConnect</method>
      <line>2461</line>
    </frame>
    <frame>
      <class>com.mysql.jdbc.ConnectionImpl</class>
      <method>connectOneTryOnly</method>
      <line>2498</line>
    </frame>
    <frame>
      <class>com.mysql.jdbc.ConnectionImpl</class>
      <method>createNewIO</method>
      <line>2283</line>
    </frame>
    <frame>
      <class>com.mysql.jdbc.ConnectionImpl</class>
      <method>&lt;init&gt;</method>
      <line>822</line>
    </frame>
    <frame>
      <class>com.mysql.jdbc.JDBC4Connection</class>
      <method>&lt;init&gt;</method>
      <line>47</line>
    </frame>
    <frame>
      <class>sun.reflect.NativeConstructorAccessorImpl</class>
      <method>newInstance0</method>
    </frame>
    <frame>
      <class>sun.reflect.NativeConstructorAccessorImpl</class>
      <method>newInstance</method>
      <line>57</line>
    </frame>
    <frame>
      <class>sun.reflect.DelegatingConstructorAccessorImpl</class>
      <method>newInstance</method>
      <line>45</line>
    </frame>
    <frame>
      <class>java.lang.reflect.Constructor</class>
      <method>newInstance</method>
      <line>526</line>
    </frame>
    <frame>
      <class>com.mysql.jdbc.Util</class>
      <method>handleNewInstance</method>
      <line>411</line>
    </frame>
    <frame>
      <class>com.mysql.jdbc.ConnectionImpl</class>
      <method>getInstance</method>
      <line>404</line>
    </frame>
    <frame>
      <class>com.mysql.jdbc.NonRegisteringDriver</class>
      <method>connect</method>
      <line>317</line>
    </frame>
    <frame>
      <class>java.sql.DriverManager</class>
      <method>getConnection</method>
      <line>571</line>
    </frame>
    <frame>
      <class>java.sql.DriverManager</class>
      <method>getConnection</method>
      <line>215</line>
    </frame>
    <frame>
      <class>Server.Main</class>
      <method>main</method>
      <line>41</line>
    </frame>
  </exception>
</record>
</log>
